2022-07-01 08:51:56,285 INFO PERFORMANCE:|0|0|-1|-1

2022-07-01 08:56:56,288 INFO PERFORMANCE:|15|15|-1|-1

2022-07-01 09:01:56,290 INFO PERFORMANCE:|15|15|-1|-1

2022-07-01 09:06:56,292 INFO PERFORMANCE:|15|15|-1|-1

2022-07-01 09:11:56,293 INFO PERFORMANCE:|15|15|-1|-1

2022-07-01 09:16:56,295 INFO PERFORMANCE:|15|15|-1|-1

2022-07-01 09:21:56,297 INFO PERFORMANCE:|15|15|-1|-1

2022-07-01 09:26:56,299 INFO PERFORMANCE:|15|15|-1|-1

2022-07-01 09:31:56,302 INFO PERFORMANCE:|15|15|-1|-1

2022-07-01 09:36:56,303 INFO PERFORMANCE:|15|15|-1|-1

2022-07-01 09:41:56,305 INFO PERFORMANCE:|15|15|-1|-1

2022-07-01 09:46:56,307 INFO PERFORMANCE:|15|15|-1|-1

2022-07-01 09:51:56,308 INFO PERFORMANCE:|15|15|-1|-1

2022-07-01 09:56:56,315 INFO PERFORMANCE:|15|15|-1|-1

2022-07-01 10:01:56,315 INFO PERFORMANCE:|15|15|-1|-1

2022-07-01 10:06:56,316 INFO PERFORMANCE:|15|15|-1|-1

2022-07-01 10:11:56,319 INFO PERFORMANCE:|15|15|-1|-1

2022-07-01 10:16:56,320 INFO PERFORMANCE:|15|15|-1|-1

2022-07-01 10:21:56,320 INFO PERFORMANCE:|15|15|-1|-1

2022-07-01 10:26:56,322 INFO PERFORMANCE:|15|15|-1|-1

2022-07-01 10:31:56,322 INFO PERFORMANCE:|15|15|-1|-1

2022-07-01 10:36:56,323 INFO PERFORMANCE:|15|15|-1|-1

2022-07-01 10:41:56,325 INFO PERFORMANCE:|15|15|-1|-1

2022-07-01 10:46:56,326 INFO PERFORMANCE:|15|15|-1|-1

2022-07-01 10:51:56,327 INFO PERFORMANCE:|15|15|-1|-1

2022-07-01 10:56:56,328 INFO PERFORMANCE:|15|15|-1|-1

2022-07-01 11:01:56,329 INFO PERFORMANCE:|15|15|-1|-1

2022-07-01 11:06:56,329 INFO PERFORMANCE:|15|15|-1|-1

2022-07-01 11:11:56,332 INFO PERFORMANCE:|15|15|-1|-1

2022-07-01 11:16:56,333 INFO PERFORMANCE:|15|15|-1|-1

2022-07-01 11:21:56,334 INFO PERFORMANCE:|15|15|-1|-1

2022-07-01 11:26:56,336 INFO PERFORMANCE:|15|15|-1|-1

2022-07-01 11:31:56,336 INFO PERFORMANCE:|15|15|-1|-1

2022-07-01 11:36:56,338 INFO PERFORMANCE:|15|15|-1|-1

2022-07-01 11:41:56,339 INFO PERFORMANCE:|15|15|-1|-1

2022-07-01 11:46:56,341 INFO PERFORMANCE:|15|15|-1|-1

